This is pdfTeX, Version 3.141592653-2.6-1.40.22 (MiKTeX 21.6) (preloaded format=pdflatex 2021.9.22)  23 OCT 2021 22:51
entering extended mode
**"./eassy with column.tex"
(eassy with column.tex
LaTeX2e <2021-06-01>
L3 programming layer <2021-06-01>
(C:\Users\hp\Desktop\latex\tex/latex/base\article.cls
Document Class: article 2021/02/12 v1.4n Standard LaTeX document class
(C:\Users\hp\Desktop\latex\tex/latex/base\size10.clo
File: size10.clo 2021/02/12 v1.4n Standard LaTeX file (size option)
)
\c@part=\count182
\c@section=\count183
\c@subsection=\count184
\c@subsubsection=\count185
\c@paragraph=\count186
\c@subparagraph=\count187
\c@figure=\count188
\c@table=\count189
\abovecaptionskip=\skip47
\belowcaptionskip=\skip48
\bibindent=\dimen138
)
(C:\Users\hp\Desktop\latex\tex/latex/l3backend\l3backend-pdftex.def
File: l3backend-pdftex.def 2021-05-07 L3 backend support: PDF output (pdfTeX)
\l__color_backend_stack_int=\count190
\l__pdf_internal_box=\box50
)
(eassy with column.aux)
\openout1 = `"eassy with column.aux"'.

LaTeX Font Info:    Checking defaults for OML/cmm/m/it on input line 6.
LaTeX Font Info:    ... okay on input line 6.
LaTeX Font Info:    Checking defaults for OMS/cmsy/m/n on input line 6.
LaTeX Font Info:    ... okay on input line 6.
LaTeX Font Info:    Checking defaults for OT1/cmr/m/n on input line 6.
LaTeX Font Info:    ... okay on input line 6.
LaTeX Font Info:    Checking defaults for T1/cmr/m/n on input line 6.
LaTeX Font Info:    ... okay on input line 6.
LaTeX Font Info:    Checking defaults for TS1/cmr/m/n on input line 6.
LaTeX Font Info:    ... okay on input line 6.
LaTeX Font Info:    Checking defaults for OMX/cmex/m/n on input line 6.
LaTeX Font Info:    ... okay on input line 6.
LaTeX Font Info:    Checking defaults for U/cmr/m/n on input line 6.
LaTeX Font Info:    ... okay on input line 6.
LaTeX Font Info:    External font `cmex10' loaded for size
(Font)              <12> on input line 7.
LaTeX Font Info:    External font `cmex10' loaded for size
(Font)              <8> on input line 7.
LaTeX Font Info:    External font `cmex10' loaded for size
(Font)              <6> on input line 7.

Underfull \hbox (badness 10000) in paragraph at lines 9--10

 []


Underfull \hbox (badness 2326) in paragraph at lines 13--14
\OT1/cmr/m/n/10 In 1714 a king, named Mei-dingu Pamheiba,
 []


Underfull \hbox (badness 10000) in paragraph at lines 14--14
[]\OT1/cmr/bx/n/14.4 BRITISH PRO-TEC-
 []


Underfull \hbox (badness 1199) in paragraph at lines 15--16
\OT1/cmr/m/n/10 Following the Burmese in-va-sions, in 1824 the
 []

[1{C:/Users/hp/AppData/Local/MiKTeX/pdftex/config/pdftex.map}


]
Underfull \hbox (badness 1199) in paragraph at lines 16--16
[]\OT1/cmr/bx/n/14.4 INCORPORATION INTO
 []


Underfull \vbox (badness 10000) has occurred while \output is active []

 [2]
(eassy with column.aux) ) 
Here is how much of TeX's memory you used:
 414 strings out of 478864
 7363 string characters out of 2857618
 314212 words of memory out of 3000000
 18411 multiletter control sequences out of 15000+600000
 407070 words of font info for 39 fonts, out of 8000000 for 9000
 1141 hyphenation exceptions out of 8191
 34i,8n,41p,2534b,216s stack positions out of 5000i,500n,10000p,200000b,80000s
<C:/Users/hp/Desktop/latex/fonts/type1/public/amsfonts
/cm/cmbx12.pfb><C:/Users/hp/Desktop/latex/fonts/type1/public/amsfonts/cm/cmr10.
pfb><C:/Users/hp/Desktop/latex/fonts/type1/public/amsfonts/cm/cmr12.pfb><C:/Use
rs/hp/Desktop/latex/fonts/type1/public/amsfonts/cm/cmr17.pfb>
Output written on "eassy with column.pdf" (2 pages, 70117 bytes).
PDF statistics:
 29 PDF objects out of 1000 (max. 8388607)
 0 named destinations out of 1000 (max. 500000)
 1 words of extra memory for PDF output out of 10000 (max. 10000000)

