This is pdfTeX, Version 3.141592653-2.6-1.40.22 (MiKTeX 21.6) (preloaded format=pdflatex 2021.9.22)  23 OCT 2021 22:33
entering extended mode
**"./SWATI SRI THINGBAIJAM,2001CS0212...EASSY WITH COLUMN.tex"
(SWATI SRI THINGBAIJAM,2001CS0212...EASSY WITH COLUMN.tex
LaTeX2e <2021-06-01>
L3 programming layer <2021-06-01>
(C:\Users\hp\Desktop\latex\tex/latex/base\article.cls
Document Class: article 2021/02/12 v1.4n Standard LaTeX document class
(C:\Users\hp\Desktop\latex\tex/latex/base\size10.clo
File: size10.clo 2021/02/12 v1.4n Standard LaTeX file (size option)
)
\c@part=\count182
\c@section=\count183
\c@subsection=\count184
\c@subsubsection=\count185
\c@paragraph=\count186
\c@subparagraph=\count187
\c@figure=\count188
\c@table=\count189
\abovecaptionskip=\skip47
\belowcaptionskip=\skip48
\bibindent=\dimen138
)
(C:\Users\hp\Desktop\latex\tex/latex/l3backend\l3backend-pdftex.def
File: l3backend-pdftex.def 2021-05-07 L3 backend support: PDF output (pdfTeX)
\l__color_backend_stack_int=\count190
\l__pdf_internal_box=\box50
)

LaTeX Warning: Unused global option(s):
    [16pt].

(SWATI SRI THINGBAIJAM,2001CS0212...EASSY WITH COLUMN.aux)
\openout1 = `"SWATI SRI THINGBAIJAM,2001CS0212...EASSY WITH COLUMN.aux"'.

LaTeX Font Info:    Checking defaults for OML/cmm/m/it on input line 5.
LaTeX Font Info:    ... okay on input line 5.
LaTeX Font Info:    Checking defaults for OMS/cmsy/m/n on input line 5.
LaTeX Font Info:    ... okay on input line 5.
LaTeX Font Info:    Checking defaults for OT1/cmr/m/n on input line 5.
LaTeX Font Info:    ... okay on input line 5.
LaTeX Font Info:    Checking defaults for T1/cmr/m/n on input line 5.
LaTeX Font Info:    ... okay on input line 5.
LaTeX Font Info:    Checking defaults for TS1/cmr/m/n on input line 5.
LaTeX Font Info:    ... okay on input line 5.
LaTeX Font Info:    Checking defaults for OMX/cmex/m/n on input line 5.
LaTeX Font Info:    ... okay on input line 5.
LaTeX Font Info:    Checking defaults for U/cmr/m/n on input line 5.
LaTeX Font Info:    ... okay on input line 5.
LaTeX Font Info:    External font `cmex10' loaded for size
(Font)              <12> on input line 6.
LaTeX Font Info:    External font `cmex10' loaded for size
(Font)              <8> on input line 6.
LaTeX Font Info:    External font `cmex10' loaded for size
(Font)              <6> on input line 6.

Underfull \hbox (badness 10000) in paragraph at lines 8--10

 []


Underfull \hbox (badness 1430) in paragraph at lines 12--12
[]\OT1/cmr/bx/n/14.4 The Milky Way Re-solves
 []


Underfull \hbox (badness 10000) in paragraph at lines 13--14

 []


Underfull \hbox (badness 1038) in paragraph at lines 15--16
\OT1/cmr/m/n/10 spheres came into con-tact with the ter-res-trial
 []


Underfull \hbox (badness 1776) in paragraph at lines 18--19
\OT1/cmr/m/n/10 In 1750, En-glish as-tronomer Thomas Wright,
 []


Underfull \hbox (badness 10000) in paragraph at lines 18--19

 []


Underfull \hbox (badness 10000) in paragraph at lines 23--24

 []

[1{C:/Users/hp/AppData/Local/MiKTeX/pdftex/config/pdftex.map}


]
Underfull \hbox (badness 10000) in paragraph at lines 25--26

 []


Underfull \hbox (badness 10000) in paragraph at lines 27--28

 []


Underfull \hbox (badness 2409) in paragraph at lines 30--31
\OT1/cmr/m/n/10 cloud" in an il-lus-tra-tion of the con-stel-la-tion
 []


Underfull \hbox (badness 10000) in paragraph at lines 30--31

 []


Underfull \hbox (badness 5022) in paragraph at lines 33--33
[]\OT1/cmr/bx/n/14.4 Finding and In-ter-pret-ing
 []


Underfull \hbox (badness 10000) in paragraph at lines 36--37

 []


Underfull \hbox (badness 1248) in paragraph at lines 38--39
[]\OT1/cmr/m/n/10 In 1920, Har-low Shap-ley and Heber Cur-tis
 []


Underfull \hbox (badness 10000) in paragraph at lines 38--39

 []

[2] (SWATI SRI THINGBAIJAM,2001CS0212...EASSY WITH COLUMN.aux) ) 
Here is how much of TeX's memory you used:
 416 strings out of 478864
 7843 string characters out of 2857618
 312316 words of memory out of 3000000
 18413 multiletter control sequences out of 15000+600000
 407377 words of font info for 40 fonts, out of 8000000 for 9000
 1141 hyphenation exceptions out of 8191
 34i,8n,41p,1018b,216s stack positions out of 5000i,500n,10000p,200000b,80000s
<C:/Users/hp/De
sktop/latex/fonts/type1/public/amsfonts/cm/cmbx12.pfb><C:/Users/hp/Desktop/late
x/fonts/type1/public/amsfonts/cm/cmr10.pfb><C:/Users/hp/Desktop/latex/fonts/typ
e1/public/amsfonts/cm/cmr12.pfb>
Output written on "SWATI SRI THINGBAIJAM,2001CS0212...EASSY WITH COLUMN.pdf" (2
 pages, 62539 bytes).
PDF statistics:
 24 PDF objects out of 1000 (max. 8388607)
 0 named destinations out of 1000 (max. 500000)
 1 words of extra memory for PDF output out of 10000 (max. 10000000)

